  Application.cpp
C:\Users\Miguel\Desktop\CG\OpenGLPratice\OpenGLCherno\src\vendor\Models\Sphere.h(391,1): warning C4305: 'initializing': truncation from 'double' to 'const float'
C:\Users\Miguel\Desktop\CG\OpenGLPratice\OpenGLCherno\src\vendor\Models\Sphere.h(833,1): warning C4305: 'initializing': truncation from 'double' to 'const float'
C:\Users\Miguel\Desktop\CG\OpenGLPratice\OpenGLCherno\src\vendor\Models\Sphere.h(1218,1): warning C4305: 'initializing': truncation from 'double' to 'const float'
C:\Users\Miguel\Desktop\CG\OpenGLPratice\OpenGLCherno\src\Application.cpp(352,25): warning C4244: 'initializing': conversion from 'double' to 'GLfloat', possible loss of data
C:\Users\Miguel\Desktop\CG\OpenGLPratice\OpenGLCherno\src\Application.cpp(523,12): warning C4244: '=': conversion from 'double' to 'GLfloat', possible loss of data
C:\Users\Miguel\Desktop\CG\OpenGLPratice\OpenGLCherno\src\Application.cpp(524,12): warning C4244: '=': conversion from 'double' to 'GLfloat', possible loss of data
C:\Users\Miguel\Desktop\CG\OpenGLPratice\OpenGLCherno\src\Application.cpp(528,19): warning C4244: 'initializing': conversion from 'double' to 'GLfloat', possible loss of data
C:\Users\Miguel\Desktop\CG\OpenGLPratice\OpenGLCherno\src\Application.cpp(529,19): warning C4244: 'initializing': conversion from 'double' to 'GLfloat', possible loss of data
C:\Users\Miguel\Desktop\CG\OpenGLPratice\OpenGLCherno\src\Application.cpp(531,11): warning C4244: '=': conversion from 'double' to 'GLfloat', possible loss of data
C:\Users\Miguel\Desktop\CG\OpenGLPratice\OpenGLCherno\src\Application.cpp(532,11): warning C4244: '=': conversion from 'double' to 'GLfloat', possible loss of data
  IndexBuffer.cpp
  Renderer.cpp
  Shader.cpp
  Texture.cpp
  stb_image.cpp
  VertexArray.cpp
  VertexBuffer.cpp
Application.obj : error LNK2001: unresolved external symbol _glfwSwapBuffers
Application.obj : error LNK2001: unresolved external symbol _glfwSwapInterval
Application.obj : error LNK2001: unresolved external symbol _glfwGetTime
Application.obj : error LNK2001: unresolved external symbol _glfwGetFramebufferSize
Application.obj : error LNK2001: unresolved external symbol _glfwTerminate
Application.obj : error LNK2001: unresolved external symbol _glfwPollEvents
Application.obj : error LNK2001: unresolved external symbol _glfwInit
Application.obj : error LNK2001: unresolved external symbol _glfwSetKeyCallback
Application.obj : error LNK2001: unresolved external symbol _glfwSetWindowShouldClose
Application.obj : error LNK2001: unresolved external symbol _glfwCreateWindow
Application.obj : error LNK2001: unresolved external symbol _glfwSetInputMode
Application.obj : error LNK2001: unresolved external symbol _glfwMakeContextCurrent
Application.obj : error LNK2001: unresolved external symbol _glfwSetCursorPos
Application.obj : error LNK2001: unresolved external symbol _glewExperimental
Application.obj : error LNK2001: unresolved external symbol _glfwSetCursorPosCallback
Application.obj : error LNK2001: unresolved external symbol _glfwWindowShouldClose
Application.obj : error LNK2001: unresolved external symbol _glewInit@0
IndexBuffer.obj : error LNK2001: unresolved external symbol ___glewBindBuffer
IndexBuffer.obj : error LNK2001: unresolved external symbol ___glewBufferData
IndexBuffer.obj : error LNK2001: unresolved external symbol ___glewGenBuffers
IndexBuffer.obj : error LNK2001: unresolved external symbol ___glewDeleteBuffers
Shader.obj : error LNK2001: unresolved external symbol ___glewUseProgram
Shader.obj : error LNK2001: unresolved external symbol ___glewGetShaderiv
Shader.obj : error LNK2001: unresolved external symbol ___glewCompileShader
Shader.obj : error LNK2001: unresolved external symbol ___glewCreateShader
Shader.obj : error LNK2001: unresolved external symbol ___glewCreateProgram
Shader.obj : error LNK2001: unresolved external symbol ___glewUniform1i
Shader.obj : error LNK2001: unresolved external symbol ___glewGetShaderInfoLog
Shader.obj : error LNK2001: unresolved external symbol ___glewValidateProgram
Shader.obj : error LNK2001: unresolved external symbol ___glewUniform1f
Shader.obj : error LNK2001: unresolved external symbol ___glewGetUniformLocation
Shader.obj : error LNK2001: unresolved external symbol ___glewAttachShader
Shader.obj : error LNK2001: unresolved external symbol ___glewDeleteProgram
Shader.obj : error LNK2001: unresolved external symbol ___glewShaderSource
Shader.obj : error LNK2001: unresolved external symbol ___glewUniformMatrix4fv
Shader.obj : error LNK2001: unresolved external symbol ___glewUniform3f
Shader.obj : error LNK2001: unresolved external symbol ___glewDeleteShader
Shader.obj : error LNK2001: unresolved external symbol ___glewLinkProgram
Shader.obj : error LNK2001: unresolved external symbol ___glewUniform4f
Texture.obj : error LNK2001: unresolved external symbol ___glewActiveTexture
VertexArray.obj : error LNK2001: unresolved external symbol ___glewEnableVertexAttribArray
VertexArray.obj : error LNK2001: unresolved external symbol ___glewBindVertexArray
VertexArray.obj : error LNK2001: unresolved external symbol ___glewVertexAttribPointer
VertexArray.obj : error LNK2001: unresolved external symbol ___glewDeleteVertexArrays
VertexArray.obj : error LNK2001: unresolved external symbol ___glewGenVertexArrays
C:\Users\Miguel\Desktop\CG\OpenGLPratice\OpenGLCherno\Release\OpenGLCherno.exe : fatal error LNK1120: 45 unresolved externals
